2021-06-23 11:12:55,021 INFO 13736 [Timer] C:\Users\10525\Desktop\egg-file-upload\node_modules\egg-multipart\app\schedule\clean_tmpdir.js next time will execute after 62224983ms at 2021-06-24 04:30:00.004
2021-06-23 11:12:55,021 INFO 13736 [Timer] C:\Users\10525\Desktop\egg-file-upload\node_modules\egg-logrotator\app\schedule\clean_log.js next time will execute after 46024979ms at 2021-06-24 00:00:00.000
2021-06-23 11:12:55,022 INFO 13736 [Timer] C:\Users\10525\Desktop\egg-file-upload\node_modules\egg-logrotator\app\schedule\rotate_by_file.js next time will execute after 46025979ms at 2021-06-24 00:00:01.001
2021-06-23 11:12:54,796 INFO 3728 [egg-schedule]: register schedule C:\Users\10525\Desktop\egg-file-upload\node_modules\egg-multipart\app\schedule\clean_tmpdir.js
2021-06-23 11:12:54,796 INFO 3728 [egg-schedule]: register schedule C:\Users\10525\Desktop\egg-file-upload\node_modules\egg-logrotator\app\schedule\clean_log.js
2021-06-23 11:12:54,796 INFO 3728 [egg-schedule]: register schedule C:\Users\10525\Desktop\egg-file-upload\node_modules\egg-logrotator\app\schedule\rotate_by_file.js
2021-06-23 14:08:37,364 INFO 9276 [egg-schedule]: register schedule C:\Users\10525\Desktop\egg-file-upload\node_modules\egg-multipart\app\schedule\clean_tmpdir.js
2021-06-23 14:08:37,364 INFO 9276 [egg-schedule]: register schedule C:\Users\10525\Desktop\egg-file-upload\node_modules\egg-logrotator\app\schedule\clean_log.js
2021-06-23 14:08:37,364 INFO 9276 [egg-schedule]: register schedule C:\Users\10525\Desktop\egg-file-upload\node_modules\egg-logrotator\app\schedule\rotate_by_file.js
2021-06-23 14:08:37,640 INFO 11168 [Timer] C:\Users\10525\Desktop\egg-file-upload\node_modules\egg-multipart\app\schedule\clean_tmpdir.js next time will execute after 51682364ms at 2021-06-24 04:30:00.003
2021-06-23 14:08:37,640 INFO 11168 [Timer] C:\Users\10525\Desktop\egg-file-upload\node_modules\egg-logrotator\app\schedule\clean_log.js next time will execute after 35482360ms at 2021-06-24 00:00:00.000
2021-06-23 14:08:37,641 INFO 11168 [Timer] C:\Users\10525\Desktop\egg-file-upload\node_modules\egg-logrotator\app\schedule\rotate_by_file.js next time will execute after 35483360ms at 2021-06-24 00:00:01.001
2021-06-23 14:10:06,165 INFO 7856 [Timer] C:\Users\10525\Desktop\egg-file-upload\node_modules\egg-multipart\app\schedule\clean_tmpdir.js next time will execute after 51593839ms at 2021-06-24 04:30:00.004
2021-06-23 14:10:06,166 INFO 7856 [Timer] C:\Users\10525\Desktop\egg-file-upload\node_modules\egg-logrotator\app\schedule\clean_log.js next time will execute after 35393834ms at 2021-06-24 00:00:00.000
2021-06-23 14:10:06,166 INFO 7856 [Timer] C:\Users\10525\Desktop\egg-file-upload\node_modules\egg-logrotator\app\schedule\rotate_by_file.js next time will execute after 35394834ms at 2021-06-24 00:00:01.000
2021-06-23 14:10:05,980 INFO 3432 [egg-schedule]: register schedule C:\Users\10525\Desktop\egg-file-upload\node_modules\egg-multipart\app\schedule\clean_tmpdir.js
2021-06-23 14:10:05,980 INFO 3432 [egg-schedule]: register schedule C:\Users\10525\Desktop\egg-file-upload\node_modules\egg-logrotator\app\schedule\clean_log.js
2021-06-23 14:10:05,980 INFO 3432 [egg-schedule]: register schedule C:\Users\10525\Desktop\egg-file-upload\node_modules\egg-logrotator\app\schedule\rotate_by_file.js
2021-06-23 14:32:59,393 INFO 8820 [egg-schedule]: register schedule C:\Users\10525\Desktop\egg-file-upload\node_modules\egg-multipart\app\schedule\clean_tmpdir.js
2021-06-23 14:32:59,393 INFO 8820 [egg-schedule]: register schedule C:\Users\10525\Desktop\egg-file-upload\node_modules\egg-logrotator\app\schedule\clean_log.js
2021-06-23 14:32:59,393 INFO 8820 [egg-schedule]: register schedule C:\Users\10525\Desktop\egg-file-upload\node_modules\egg-logrotator\app\schedule\rotate_by_file.js
2021-06-23 14:33:03,927 INFO 16760 [egg-schedule]: register schedule C:\Users\10525\Desktop\egg-file-upload\node_modules\egg-multipart\app\schedule\clean_tmpdir.js
2021-06-23 14:33:03,927 INFO 16760 [egg-schedule]: register schedule C:\Users\10525\Desktop\egg-file-upload\node_modules\egg-logrotator\app\schedule\clean_log.js
2021-06-23 14:33:03,927 INFO 16760 [egg-schedule]: register schedule C:\Users\10525\Desktop\egg-file-upload\node_modules\egg-logrotator\app\schedule\rotate_by_file.js
2021-06-23 14:33:05,809 INFO 5036 [egg-schedule]: register schedule C:\Users\10525\Desktop\egg-file-upload\node_modules\egg-multipart\app\schedule\clean_tmpdir.js
2021-06-23 14:33:05,809 INFO 5036 [egg-schedule]: register schedule C:\Users\10525\Desktop\egg-file-upload\node_modules\egg-logrotator\app\schedule\clean_log.js
2021-06-23 14:33:05,809 INFO 5036 [egg-schedule]: register schedule C:\Users\10525\Desktop\egg-file-upload\node_modules\egg-logrotator\app\schedule\rotate_by_file.js
2021-06-23 14:33:42,359 INFO 7888 [egg-schedule]: register schedule C:\Users\10525\Desktop\egg-file-upload\node_modules\egg-multipart\app\schedule\clean_tmpdir.js
2021-06-23 14:33:42,359 INFO 7888 [egg-schedule]: register schedule C:\Users\10525\Desktop\egg-file-upload\node_modules\egg-logrotator\app\schedule\clean_log.js
2021-06-23 14:33:42,359 INFO 7888 [egg-schedule]: register schedule C:\Users\10525\Desktop\egg-file-upload\node_modules\egg-logrotator\app\schedule\rotate_by_file.js
2021-06-23 14:33:52,021 INFO 10396 [egg-schedule]: register schedule C:\Users\10525\Desktop\egg-file-upload\node_modules\egg-multipart\app\schedule\clean_tmpdir.js
2021-06-23 14:33:52,021 INFO 10396 [egg-schedule]: register schedule C:\Users\10525\Desktop\egg-file-upload\node_modules\egg-logrotator\app\schedule\clean_log.js
2021-06-23 14:33:52,022 INFO 10396 [egg-schedule]: register schedule C:\Users\10525\Desktop\egg-file-upload\node_modules\egg-logrotator\app\schedule\rotate_by_file.js
2021-06-23 14:33:55,026 INFO 5936 [egg-schedule]: register schedule C:\Users\10525\Desktop\egg-file-upload\node_modules\egg-multipart\app\schedule\clean_tmpdir.js
2021-06-23 14:33:55,026 INFO 5936 [egg-schedule]: register schedule C:\Users\10525\Desktop\egg-file-upload\node_modules\egg-logrotator\app\schedule\clean_log.js
2021-06-23 14:33:55,026 INFO 5936 [egg-schedule]: register schedule C:\Users\10525\Desktop\egg-file-upload\node_modules\egg-logrotator\app\schedule\rotate_by_file.js
2021-06-23 14:36:00,170 INFO 5228 [Timer] C:\Users\10525\Desktop\egg-file-upload\node_modules\egg-multipart\app\schedule\clean_tmpdir.js next time will execute after 50039834ms at 2021-06-24 04:30:00.004
2021-06-23 14:36:00,170 INFO 5228 [Timer] C:\Users\10525\Desktop\egg-file-upload\node_modules\egg-logrotator\app\schedule\clean_log.js next time will execute after 33839830ms at 2021-06-24 00:00:00.000
2021-06-23 14:36:00,171 INFO 5228 [Timer] C:\Users\10525\Desktop\egg-file-upload\node_modules\egg-logrotator\app\schedule\rotate_by_file.js next time will execute after 33840830ms at 2021-06-24 00:00:01.001
2021-06-23 14:35:59,910 INFO 16568 [egg-schedule]: register schedule C:\Users\10525\Desktop\egg-file-upload\node_modules\egg-multipart\app\schedule\clean_tmpdir.js
2021-06-23 14:35:59,910 INFO 16568 [egg-schedule]: register schedule C:\Users\10525\Desktop\egg-file-upload\node_modules\egg-logrotator\app\schedule\clean_log.js
2021-06-23 14:35:59,910 INFO 16568 [egg-schedule]: register schedule C:\Users\10525\Desktop\egg-file-upload\node_modules\egg-logrotator\app\schedule\rotate_by_file.js
2021-06-23 14:36:11,051 INFO 4396 [egg-schedule]: register schedule C:\Users\10525\Desktop\egg-file-upload\node_modules\egg-multipart\app\schedule\clean_tmpdir.js
2021-06-23 14:36:11,052 INFO 4396 [egg-schedule]: register schedule C:\Users\10525\Desktop\egg-file-upload\node_modules\egg-logrotator\app\schedule\clean_log.js
2021-06-23 14:36:11,052 INFO 4396 [egg-schedule]: register schedule C:\Users\10525\Desktop\egg-file-upload\node_modules\egg-logrotator\app\schedule\rotate_by_file.js
2021-06-23 15:38:48,041 INFO 9768 [egg-schedule]: register schedule C:\Users\10525\Desktop\egg-file-upload\node_modules\egg-multipart\app\schedule\clean_tmpdir.js
2021-06-23 15:38:48,041 INFO 9768 [egg-schedule]: register schedule C:\Users\10525\Desktop\egg-file-upload\node_modules\egg-logrotator\app\schedule\clean_log.js
2021-06-23 15:38:48,041 INFO 9768 [egg-schedule]: register schedule C:\Users\10525\Desktop\egg-file-upload\node_modules\egg-logrotator\app\schedule\rotate_by_file.js
2021-06-23 15:38:50,067 INFO 5764 [egg-schedule]: register schedule C:\Users\10525\Desktop\egg-file-upload\node_modules\egg-multipart\app\schedule\clean_tmpdir.js
2021-06-23 15:38:50,067 INFO 5764 [egg-schedule]: register schedule C:\Users\10525\Desktop\egg-file-upload\node_modules\egg-logrotator\app\schedule\clean_log.js
2021-06-23 15:38:50,067 INFO 5764 [egg-schedule]: register schedule C:\Users\10525\Desktop\egg-file-upload\node_modules\egg-logrotator\app\schedule\rotate_by_file.js
2021-06-23 15:43:23,648 INFO 15524 [egg-schedule]: register schedule C:\Users\10525\Desktop\egg-file-upload\node_modules\egg-multipart\app\schedule\clean_tmpdir.js
2021-06-23 15:43:23,648 INFO 15524 [egg-schedule]: register schedule C:\Users\10525\Desktop\egg-file-upload\node_modules\egg-logrotator\app\schedule\clean_log.js
2021-06-23 15:43:23,648 INFO 15524 [egg-schedule]: register schedule C:\Users\10525\Desktop\egg-file-upload\node_modules\egg-logrotator\app\schedule\rotate_by_file.js
2021-06-23 15:47:00,919 INFO 17668 [egg-schedule]: register schedule C:\Users\10525\Desktop\egg-file-upload\node_modules\egg-multipart\app\schedule\clean_tmpdir.js
2021-06-23 15:47:00,919 INFO 17668 [egg-schedule]: register schedule C:\Users\10525\Desktop\egg-file-upload\node_modules\egg-logrotator\app\schedule\clean_log.js
2021-06-23 15:47:00,919 INFO 17668 [egg-schedule]: register schedule C:\Users\10525\Desktop\egg-file-upload\node_modules\egg-logrotator\app\schedule\rotate_by_file.js
2021-06-23 15:47:09,280 INFO 6420 [egg-schedule]: register schedule C:\Users\10525\Desktop\egg-file-upload\node_modules\egg-multipart\app\schedule\clean_tmpdir.js
2021-06-23 15:47:09,280 INFO 6420 [egg-schedule]: register schedule C:\Users\10525\Desktop\egg-file-upload\node_modules\egg-logrotator\app\schedule\clean_log.js
2021-06-23 15:47:09,280 INFO 6420 [egg-schedule]: register schedule C:\Users\10525\Desktop\egg-file-upload\node_modules\egg-logrotator\app\schedule\rotate_by_file.js
2021-06-23 15:47:13,365 INFO 8644 [egg-schedule]: register schedule C:\Users\10525\Desktop\egg-file-upload\node_modules\egg-multipart\app\schedule\clean_tmpdir.js
2021-06-23 15:47:13,365 INFO 8644 [egg-schedule]: register schedule C:\Users\10525\Desktop\egg-file-upload\node_modules\egg-logrotator\app\schedule\clean_log.js
2021-06-23 15:47:13,365 INFO 8644 [egg-schedule]: register schedule C:\Users\10525\Desktop\egg-file-upload\node_modules\egg-logrotator\app\schedule\rotate_by_file.js
2021-06-23 15:47:40,189 INFO 16268 [egg-schedule]: register schedule C:\Users\10525\Desktop\egg-file-upload\node_modules\egg-multipart\app\schedule\clean_tmpdir.js
2021-06-23 15:47:40,189 INFO 16268 [egg-schedule]: register schedule C:\Users\10525\Desktop\egg-file-upload\node_modules\egg-logrotator\app\schedule\clean_log.js
2021-06-23 15:47:40,189 INFO 16268 [egg-schedule]: register schedule C:\Users\10525\Desktop\egg-file-upload\node_modules\egg-logrotator\app\schedule\rotate_by_file.js
2021-06-23 15:50:25,757 INFO 16976 [Timer] C:\Users\10525\Desktop\egg-file-upload\node_modules\egg-multipart\app\schedule\clean_tmpdir.js next time will execute after 45574247ms at 2021-06-24 04:30:00.004
2021-06-23 15:50:25,757 INFO 16976 [Timer] C:\Users\10525\Desktop\egg-file-upload\node_modules\egg-logrotator\app\schedule\clean_log.js next time will execute after 29374243ms at 2021-06-24 00:00:00.000
2021-06-23 15:50:25,758 INFO 16976 [Timer] C:\Users\10525\Desktop\egg-file-upload\node_modules\egg-logrotator\app\schedule\rotate_by_file.js next time will execute after 29375243ms at 2021-06-24 00:00:01.001
2021-06-23 15:50:25,547 INFO 12352 [egg-schedule]: register schedule C:\Users\10525\Desktop\egg-file-upload\node_modules\egg-multipart\app\schedule\clean_tmpdir.js
2021-06-23 15:50:25,547 INFO 12352 [egg-schedule]: register schedule C:\Users\10525\Desktop\egg-file-upload\node_modules\egg-logrotator\app\schedule\clean_log.js
2021-06-23 15:50:25,547 INFO 12352 [egg-schedule]: register schedule C:\Users\10525\Desktop\egg-file-upload\node_modules\egg-logrotator\app\schedule\rotate_by_file.js
2021-06-23 15:50:37,145 INFO 11840 [egg-schedule]: register schedule C:\Users\10525\Desktop\egg-file-upload\node_modules\egg-multipart\app\schedule\clean_tmpdir.js
2021-06-23 15:50:37,145 INFO 11840 [egg-schedule]: register schedule C:\Users\10525\Desktop\egg-file-upload\node_modules\egg-logrotator\app\schedule\clean_log.js
2021-06-23 15:50:37,145 INFO 11840 [egg-schedule]: register schedule C:\Users\10525\Desktop\egg-file-upload\node_modules\egg-logrotator\app\schedule\rotate_by_file.js
2021-06-23 15:50:49,594 INFO 6184 [egg-schedule]: register schedule C:\Users\10525\Desktop\egg-file-upload\node_modules\egg-multipart\app\schedule\clean_tmpdir.js
2021-06-23 15:50:49,594 INFO 6184 [egg-schedule]: register schedule C:\Users\10525\Desktop\egg-file-upload\node_modules\egg-logrotator\app\schedule\clean_log.js
2021-06-23 15:50:49,594 INFO 6184 [egg-schedule]: register schedule C:\Users\10525\Desktop\egg-file-upload\node_modules\egg-logrotator\app\schedule\rotate_by_file.js
2021-06-23 15:51:01,094 INFO 8888 [egg-schedule]: register schedule C:\Users\10525\Desktop\egg-file-upload\node_modules\egg-multipart\app\schedule\clean_tmpdir.js
2021-06-23 15:51:01,094 INFO 8888 [egg-schedule]: register schedule C:\Users\10525\Desktop\egg-file-upload\node_modules\egg-logrotator\app\schedule\clean_log.js
2021-06-23 15:51:01,094 INFO 8888 [egg-schedule]: register schedule C:\Users\10525\Desktop\egg-file-upload\node_modules\egg-logrotator\app\schedule\rotate_by_file.js
2021-06-23 15:51:39,700 INFO 17704 [egg-schedule]: register schedule C:\Users\10525\Desktop\egg-file-upload\node_modules\egg-multipart\app\schedule\clean_tmpdir.js
2021-06-23 15:51:39,700 INFO 17704 [egg-schedule]: register schedule C:\Users\10525\Desktop\egg-file-upload\node_modules\egg-logrotator\app\schedule\clean_log.js
2021-06-23 15:51:39,700 INFO 17704 [egg-schedule]: register schedule C:\Users\10525\Desktop\egg-file-upload\node_modules\egg-logrotator\app\schedule\rotate_by_file.js
2021-06-23 15:52:02,494 INFO 1436 [egg-schedule]: register schedule C:\Users\10525\Desktop\egg-file-upload\node_modules\egg-multipart\app\schedule\clean_tmpdir.js
2021-06-23 15:52:02,494 INFO 1436 [egg-schedule]: register schedule C:\Users\10525\Desktop\egg-file-upload\node_modules\egg-logrotator\app\schedule\clean_log.js
2021-06-23 15:52:02,494 INFO 1436 [egg-schedule]: register schedule C:\Users\10525\Desktop\egg-file-upload\node_modules\egg-logrotator\app\schedule\rotate_by_file.js
2021-06-23 15:52:34,472 INFO 11632 [egg-schedule]: register schedule C:\Users\10525\Desktop\egg-file-upload\node_modules\egg-multipart\app\schedule\clean_tmpdir.js
2021-06-23 15:52:34,473 INFO 11632 [egg-schedule]: register schedule C:\Users\10525\Desktop\egg-file-upload\node_modules\egg-logrotator\app\schedule\clean_log.js
2021-06-23 15:52:34,473 INFO 11632 [egg-schedule]: register schedule C:\Users\10525\Desktop\egg-file-upload\node_modules\egg-logrotator\app\schedule\rotate_by_file.js
2021-06-23 15:53:44,767 INFO 12844 [egg-schedule]: register schedule C:\Users\10525\Desktop\egg-file-upload\node_modules\egg-multipart\app\schedule\clean_tmpdir.js
2021-06-23 15:53:44,767 INFO 12844 [egg-schedule]: register schedule C:\Users\10525\Desktop\egg-file-upload\node_modules\egg-logrotator\app\schedule\clean_log.js
2021-06-23 15:53:44,767 INFO 12844 [egg-schedule]: register schedule C:\Users\10525\Desktop\egg-file-upload\node_modules\egg-logrotator\app\schedule\rotate_by_file.js
2021-06-23 15:53:48,860 INFO 7140 [egg-schedule]: register schedule C:\Users\10525\Desktop\egg-file-upload\node_modules\egg-multipart\app\schedule\clean_tmpdir.js
2021-06-23 15:53:48,860 INFO 7140 [egg-schedule]: register schedule C:\Users\10525\Desktop\egg-file-upload\node_modules\egg-logrotator\app\schedule\clean_log.js
2021-06-23 15:53:48,860 INFO 7140 [egg-schedule]: register schedule C:\Users\10525\Desktop\egg-file-upload\node_modules\egg-logrotator\app\schedule\rotate_by_file.js
2021-06-23 15:57:37,727 INFO 6032 [egg-schedule]: register schedule C:\Users\10525\Desktop\egg-file-upload\node_modules\egg-multipart\app\schedule\clean_tmpdir.js
2021-06-23 15:57:37,727 INFO 6032 [egg-schedule]: register schedule C:\Users\10525\Desktop\egg-file-upload\node_modules\egg-logrotator\app\schedule\clean_log.js
2021-06-23 15:57:37,727 INFO 6032 [egg-schedule]: register schedule C:\Users\10525\Desktop\egg-file-upload\node_modules\egg-logrotator\app\schedule\rotate_by_file.js
2021-06-23 16:26:17,815 INFO 3748 [egg-schedule]: register schedule C:\Users\10525\Desktop\egg-file-upload\node_modules\egg-multipart\app\schedule\clean_tmpdir.js
2021-06-23 16:26:17,815 INFO 3748 [egg-schedule]: register schedule C:\Users\10525\Desktop\egg-file-upload\node_modules\egg-logrotator\app\schedule\clean_log.js
2021-06-23 16:26:17,815 INFO 3748 [egg-schedule]: register schedule C:\Users\10525\Desktop\egg-file-upload\node_modules\egg-logrotator\app\schedule\rotate_by_file.js
2021-06-23 16:26:39,211 INFO 12644 [egg-schedule]: register schedule C:\Users\10525\Desktop\egg-file-upload\node_modules\egg-multipart\app\schedule\clean_tmpdir.js
2021-06-23 16:26:39,211 INFO 12644 [egg-schedule]: register schedule C:\Users\10525\Desktop\egg-file-upload\node_modules\egg-logrotator\app\schedule\clean_log.js
2021-06-23 16:26:39,211 INFO 12644 [egg-schedule]: register schedule C:\Users\10525\Desktop\egg-file-upload\node_modules\egg-logrotator\app\schedule\rotate_by_file.js
2021-06-23 16:30:29,034 INFO 11304 [egg-schedule]: register schedule C:\Users\10525\Desktop\egg-file-upload\node_modules\egg-multipart\app\schedule\clean_tmpdir.js
2021-06-23 16:30:29,034 INFO 11304 [egg-schedule]: register schedule C:\Users\10525\Desktop\egg-file-upload\node_modules\egg-logrotator\app\schedule\clean_log.js
2021-06-23 16:30:29,034 INFO 11304 [egg-schedule]: register schedule C:\Users\10525\Desktop\egg-file-upload\node_modules\egg-logrotator\app\schedule\rotate_by_file.js
2021-06-23 16:30:36,166 INFO 9780 [egg-schedule]: register schedule C:\Users\10525\Desktop\egg-file-upload\node_modules\egg-multipart\app\schedule\clean_tmpdir.js
2021-06-23 16:30:36,166 INFO 9780 [egg-schedule]: register schedule C:\Users\10525\Desktop\egg-file-upload\node_modules\egg-logrotator\app\schedule\clean_log.js
2021-06-23 16:30:36,166 INFO 9780 [egg-schedule]: register schedule C:\Users\10525\Desktop\egg-file-upload\node_modules\egg-logrotator\app\schedule\rotate_by_file.js
2021-06-23 16:30:40,789 INFO 17068 [egg-schedule]: register schedule C:\Users\10525\Desktop\egg-file-upload\node_modules\egg-multipart\app\schedule\clean_tmpdir.js
2021-06-23 16:30:40,789 INFO 17068 [egg-schedule]: register schedule C:\Users\10525\Desktop\egg-file-upload\node_modules\egg-logrotator\app\schedule\clean_log.js
2021-06-23 16:30:40,789 INFO 17068 [egg-schedule]: register schedule C:\Users\10525\Desktop\egg-file-upload\node_modules\egg-logrotator\app\schedule\rotate_by_file.js
2021-06-23 16:31:59,182 INFO 4412 [egg-schedule]: register schedule C:\Users\10525\Desktop\egg-file-upload\node_modules\egg-multipart\app\schedule\clean_tmpdir.js
2021-06-23 16:31:59,182 INFO 4412 [egg-schedule]: register schedule C:\Users\10525\Desktop\egg-file-upload\node_modules\egg-logrotator\app\schedule\clean_log.js
2021-06-23 16:31:59,182 INFO 4412 [egg-schedule]: register schedule C:\Users\10525\Desktop\egg-file-upload\node_modules\egg-logrotator\app\schedule\rotate_by_file.js
2021-06-23 16:32:20,492 INFO 3648 [egg-schedule]: register schedule C:\Users\10525\Desktop\egg-file-upload\node_modules\egg-multipart\app\schedule\clean_tmpdir.js
2021-06-23 16:32:20,492 INFO 3648 [egg-schedule]: register schedule C:\Users\10525\Desktop\egg-file-upload\node_modules\egg-logrotator\app\schedule\clean_log.js
2021-06-23 16:32:20,492 INFO 3648 [egg-schedule]: register schedule C:\Users\10525\Desktop\egg-file-upload\node_modules\egg-logrotator\app\schedule\rotate_by_file.js
2021-06-23 16:32:57,044 INFO 11932 [egg-schedule]: register schedule C:\Users\10525\Desktop\egg-file-upload\node_modules\egg-multipart\app\schedule\clean_tmpdir.js
2021-06-23 16:32:57,044 INFO 11932 [egg-schedule]: register schedule C:\Users\10525\Desktop\egg-file-upload\node_modules\egg-logrotator\app\schedule\clean_log.js
2021-06-23 16:32:57,044 INFO 11932 [egg-schedule]: register schedule C:\Users\10525\Desktop\egg-file-upload\node_modules\egg-logrotator\app\schedule\rotate_by_file.js
2021-06-23 16:33:35,485 INFO 16452 [egg-schedule]: register schedule C:\Users\10525\Desktop\egg-file-upload\node_modules\egg-multipart\app\schedule\clean_tmpdir.js
2021-06-23 16:33:35,485 INFO 16452 [egg-schedule]: register schedule C:\Users\10525\Desktop\egg-file-upload\node_modules\egg-logrotator\app\schedule\clean_log.js
2021-06-23 16:33:35,485 INFO 16452 [egg-schedule]: register schedule C:\Users\10525\Desktop\egg-file-upload\node_modules\egg-logrotator\app\schedule\rotate_by_file.js
2021-06-23 16:35:58,136 INFO 12248 [egg-schedule]: register schedule C:\Users\10525\Desktop\egg-file-upload\node_modules\egg-multipart\app\schedule\clean_tmpdir.js
2021-06-23 16:35:58,136 INFO 12248 [egg-schedule]: register schedule C:\Users\10525\Desktop\egg-file-upload\node_modules\egg-logrotator\app\schedule\clean_log.js
2021-06-23 16:35:58,136 INFO 12248 [egg-schedule]: register schedule C:\Users\10525\Desktop\egg-file-upload\node_modules\egg-logrotator\app\schedule\rotate_by_file.js
2021-06-23 16:36:58,213 INFO 14064 [egg-schedule]: register schedule C:\Users\10525\Desktop\egg-file-upload\node_modules\egg-multipart\app\schedule\clean_tmpdir.js
2021-06-23 16:36:58,213 INFO 14064 [egg-schedule]: register schedule C:\Users\10525\Desktop\egg-file-upload\node_modules\egg-logrotator\app\schedule\clean_log.js
2021-06-23 16:36:58,213 INFO 14064 [egg-schedule]: register schedule C:\Users\10525\Desktop\egg-file-upload\node_modules\egg-logrotator\app\schedule\rotate_by_file.js
2021-06-23 16:41:10,420 INFO 6796 [egg-schedule]: register schedule C:\Users\10525\Desktop\egg-file-upload\node_modules\egg-multipart\app\schedule\clean_tmpdir.js
2021-06-23 16:41:10,420 INFO 6796 [egg-schedule]: register schedule C:\Users\10525\Desktop\egg-file-upload\node_modules\egg-logrotator\app\schedule\clean_log.js
2021-06-23 16:41:10,420 INFO 6796 [egg-schedule]: register schedule C:\Users\10525\Desktop\egg-file-upload\node_modules\egg-logrotator\app\schedule\rotate_by_file.js
2021-06-23 16:41:12,707 INFO 14952 [egg-schedule]: register schedule C:\Users\10525\Desktop\egg-file-upload\node_modules\egg-multipart\app\schedule\clean_tmpdir.js
2021-06-23 16:41:12,708 INFO 14952 [egg-schedule]: register schedule C:\Users\10525\Desktop\egg-file-upload\node_modules\egg-logrotator\app\schedule\clean_log.js
2021-06-23 16:41:12,708 INFO 14952 [egg-schedule]: register schedule C:\Users\10525\Desktop\egg-file-upload\node_modules\egg-logrotator\app\schedule\rotate_by_file.js
2021-06-23 16:41:48,886 INFO 13132 [egg-schedule]: register schedule C:\Users\10525\Desktop\egg-file-upload\node_modules\egg-multipart\app\schedule\clean_tmpdir.js
2021-06-23 16:41:48,886 INFO 13132 [egg-schedule]: register schedule C:\Users\10525\Desktop\egg-file-upload\node_modules\egg-logrotator\app\schedule\clean_log.js
2021-06-23 16:41:48,887 INFO 13132 [egg-schedule]: register schedule C:\Users\10525\Desktop\egg-file-upload\node_modules\egg-logrotator\app\schedule\rotate_by_file.js
2021-06-23 16:43:02,479 INFO 5612 [egg-schedule]: register schedule C:\Users\10525\Desktop\egg-file-upload\node_modules\egg-multipart\app\schedule\clean_tmpdir.js
2021-06-23 16:43:02,479 INFO 5612 [egg-schedule]: register schedule C:\Users\10525\Desktop\egg-file-upload\node_modules\egg-logrotator\app\schedule\clean_log.js
2021-06-23 16:43:02,479 INFO 5612 [egg-schedule]: register schedule C:\Users\10525\Desktop\egg-file-upload\node_modules\egg-logrotator\app\schedule\rotate_by_file.js
2021-06-23 16:43:19,266 INFO 16572 [egg-schedule]: register schedule C:\Users\10525\Desktop\egg-file-upload\node_modules\egg-multipart\app\schedule\clean_tmpdir.js
2021-06-23 16:43:19,266 INFO 16572 [egg-schedule]: register schedule C:\Users\10525\Desktop\egg-file-upload\node_modules\egg-logrotator\app\schedule\clean_log.js
2021-06-23 16:43:19,266 INFO 16572 [egg-schedule]: register schedule C:\Users\10525\Desktop\egg-file-upload\node_modules\egg-logrotator\app\schedule\rotate_by_file.js
2021-06-23 16:45:03,392 INFO 10752 [egg-schedule]: register schedule C:\Users\10525\Desktop\egg-file-upload\node_modules\egg-multipart\app\schedule\clean_tmpdir.js
2021-06-23 16:45:03,392 INFO 10752 [egg-schedule]: register schedule C:\Users\10525\Desktop\egg-file-upload\node_modules\egg-logrotator\app\schedule\clean_log.js
2021-06-23 16:45:03,392 INFO 10752 [egg-schedule]: register schedule C:\Users\10525\Desktop\egg-file-upload\node_modules\egg-logrotator\app\schedule\rotate_by_file.js
2021-06-23 16:45:03,723 INFO 15284 [Timer] C:\Users\10525\Desktop\egg-file-upload\node_modules\egg-multipart\app\schedule\clean_tmpdir.js next time will execute after 42296281ms at 2021-06-24 04:30:00.004
2021-06-23 16:45:03,724 INFO 15284 [Timer] C:\Users\10525\Desktop\egg-file-upload\node_modules\egg-logrotator\app\schedule\clean_log.js next time will execute after 26096277ms at 2021-06-24 00:00:00.001
2021-06-23 16:45:03,724 INFO 15284 [Timer] C:\Users\10525\Desktop\egg-file-upload\node_modules\egg-logrotator\app\schedule\rotate_by_file.js next time will execute after 26097276ms at 2021-06-24 00:00:01.000
2021-06-23 16:45:06,084 INFO 15100 [egg-schedule]: register schedule C:\Users\10525\Desktop\egg-file-upload\node_modules\egg-multipart\app\schedule\clean_tmpdir.js
2021-06-23 16:45:06,084 INFO 15100 [egg-schedule]: register schedule C:\Users\10525\Desktop\egg-file-upload\node_modules\egg-logrotator\app\schedule\clean_log.js
2021-06-23 16:45:06,084 INFO 15100 [egg-schedule]: register schedule C:\Users\10525\Desktop\egg-file-upload\node_modules\egg-logrotator\app\schedule\rotate_by_file.js
2021-06-23 16:46:49,470 INFO 16832 [egg-schedule]: register schedule C:\Users\10525\Desktop\egg-file-upload\node_modules\egg-multipart\app\schedule\clean_tmpdir.js
2021-06-23 16:46:49,471 INFO 16832 [egg-schedule]: register schedule C:\Users\10525\Desktop\egg-file-upload\node_modules\egg-logrotator\app\schedule\clean_log.js
2021-06-23 16:46:49,471 INFO 16832 [egg-schedule]: register schedule C:\Users\10525\Desktop\egg-file-upload\node_modules\egg-logrotator\app\schedule\rotate_by_file.js
2021-06-23 16:50:18,887 INFO 7916 [Timer] C:\Users\10525\Desktop\egg-file-upload\node_modules\egg-multipart\app\schedule\clean_tmpdir.js next time will execute after 41981118ms at 2021-06-24 04:30:00.005
2021-06-23 16:50:18,887 INFO 7916 [Timer] C:\Users\10525\Desktop\egg-file-upload\node_modules\egg-logrotator\app\schedule\clean_log.js next time will execute after 25781113ms at 2021-06-24 00:00:00.000
2021-06-23 16:50:18,888 INFO 7916 [Timer] C:\Users\10525\Desktop\egg-file-upload\node_modules\egg-logrotator\app\schedule\rotate_by_file.js next time will execute after 25782113ms at 2021-06-24 00:00:01.001
2021-06-23 16:50:18,662 INFO 16588 [egg-schedule]: register schedule C:\Users\10525\Desktop\egg-file-upload\node_modules\egg-multipart\app\schedule\clean_tmpdir.js
2021-06-23 16:50:18,662 INFO 16588 [egg-schedule]: register schedule C:\Users\10525\Desktop\egg-file-upload\node_modules\egg-logrotator\app\schedule\clean_log.js
2021-06-23 16:50:18,662 INFO 16588 [egg-schedule]: register schedule C:\Users\10525\Desktop\egg-file-upload\node_modules\egg-logrotator\app\schedule\rotate_by_file.js
2021-06-23 16:51:33,094 INFO 1852 [egg-schedule]: register schedule C:\Users\10525\Desktop\egg-file-upload\node_modules\egg-multipart\app\schedule\clean_tmpdir.js
2021-06-23 16:51:33,094 INFO 1852 [egg-schedule]: register schedule C:\Users\10525\Desktop\egg-file-upload\node_modules\egg-logrotator\app\schedule\clean_log.js
2021-06-23 16:51:33,094 INFO 1852 [egg-schedule]: register schedule C:\Users\10525\Desktop\egg-file-upload\node_modules\egg-logrotator\app\schedule\rotate_by_file.js
2021-06-23 17:02:04,590 INFO 9560 [egg-schedule]: register schedule C:\Users\10525\Desktop\egg-file-upload\node_modules\egg-multipart\app\schedule\clean_tmpdir.js
2021-06-23 17:02:04,590 INFO 9560 [egg-schedule]: register schedule C:\Users\10525\Desktop\egg-file-upload\node_modules\egg-logrotator\app\schedule\clean_log.js
2021-06-23 17:02:04,590 INFO 9560 [egg-schedule]: register schedule C:\Users\10525\Desktop\egg-file-upload\node_modules\egg-logrotator\app\schedule\rotate_by_file.js
2021-06-23 17:47:48,814 INFO 19316 [egg-schedule]: register schedule C:\Users\10525\Desktop\egg-file-upload\node_modules\egg-multipart\app\schedule\clean_tmpdir.js
2021-06-23 17:47:48,814 INFO 19316 [egg-schedule]: register schedule C:\Users\10525\Desktop\egg-file-upload\node_modules\egg-logrotator\app\schedule\clean_log.js
2021-06-23 17:47:48,814 INFO 19316 [egg-schedule]: register schedule C:\Users\10525\Desktop\egg-file-upload\node_modules\egg-logrotator\app\schedule\rotate_by_file.js
2021-06-23 17:47:51,020 INFO 17896 [egg-schedule]: register schedule C:\Users\10525\Desktop\egg-file-upload\node_modules\egg-multipart\app\schedule\clean_tmpdir.js
2021-06-23 17:47:51,020 INFO 17896 [egg-schedule]: register schedule C:\Users\10525\Desktop\egg-file-upload\node_modules\egg-logrotator\app\schedule\clean_log.js
2021-06-23 17:47:51,020 INFO 17896 [egg-schedule]: register schedule C:\Users\10525\Desktop\egg-file-upload\node_modules\egg-logrotator\app\schedule\rotate_by_file.js
2021-06-23 17:49:21,418 INFO 5800 [egg-schedule]: register schedule C:\Users\10525\Desktop\egg-file-upload\node_modules\egg-multipart\app\schedule\clean_tmpdir.js
2021-06-23 17:49:21,418 INFO 5800 [egg-schedule]: register schedule C:\Users\10525\Desktop\egg-file-upload\node_modules\egg-logrotator\app\schedule\clean_log.js
2021-06-23 17:49:21,418 INFO 5800 [egg-schedule]: register schedule C:\Users\10525\Desktop\egg-file-upload\node_modules\egg-logrotator\app\schedule\rotate_by_file.js
2021-06-23 17:49:46,002 INFO 6796 [egg-schedule]: register schedule C:\Users\10525\Desktop\egg-file-upload\node_modules\egg-multipart\app\schedule\clean_tmpdir.js
2021-06-23 17:49:46,002 INFO 6796 [egg-schedule]: register schedule C:\Users\10525\Desktop\egg-file-upload\node_modules\egg-logrotator\app\schedule\clean_log.js
2021-06-23 17:49:46,002 INFO 6796 [egg-schedule]: register schedule C:\Users\10525\Desktop\egg-file-upload\node_modules\egg-logrotator\app\schedule\rotate_by_file.js
2021-06-23 17:51:36,657 INFO 8636 [egg-schedule]: register schedule C:\Users\10525\Desktop\egg-file-upload\node_modules\egg-multipart\app\schedule\clean_tmpdir.js
2021-06-23 17:51:36,657 INFO 8636 [egg-schedule]: register schedule C:\Users\10525\Desktop\egg-file-upload\node_modules\egg-logrotator\app\schedule\clean_log.js
2021-06-23 17:51:36,657 INFO 8636 [egg-schedule]: register schedule C:\Users\10525\Desktop\egg-file-upload\node_modules\egg-logrotator\app\schedule\rotate_by_file.js
2021-06-23 17:51:38,978 INFO 12944 [egg-schedule]: register schedule C:\Users\10525\Desktop\egg-file-upload\node_modules\egg-multipart\app\schedule\clean_tmpdir.js
2021-06-23 17:51:38,978 INFO 12944 [egg-schedule]: register schedule C:\Users\10525\Desktop\egg-file-upload\node_modules\egg-logrotator\app\schedule\clean_log.js
2021-06-23 17:51:38,978 INFO 12944 [egg-schedule]: register schedule C:\Users\10525\Desktop\egg-file-upload\node_modules\egg-logrotator\app\schedule\rotate_by_file.js
2021-06-23 17:52:18,035 INFO 8468 [egg-schedule]: register schedule C:\Users\10525\Desktop\egg-file-upload\node_modules\egg-multipart\app\schedule\clean_tmpdir.js
2021-06-23 17:52:18,035 INFO 8468 [egg-schedule]: register schedule C:\Users\10525\Desktop\egg-file-upload\node_modules\egg-logrotator\app\schedule\clean_log.js
2021-06-23 17:52:18,035 INFO 8468 [egg-schedule]: register schedule C:\Users\10525\Desktop\egg-file-upload\node_modules\egg-logrotator\app\schedule\rotate_by_file.js
2021-06-23 17:52:28,077 INFO 10492 [egg-schedule]: register schedule C:\Users\10525\Desktop\egg-file-upload\node_modules\egg-multipart\app\schedule\clean_tmpdir.js
2021-06-23 17:52:28,077 INFO 10492 [egg-schedule]: register schedule C:\Users\10525\Desktop\egg-file-upload\node_modules\egg-logrotator\app\schedule\clean_log.js
2021-06-23 17:52:28,077 INFO 10492 [egg-schedule]: register schedule C:\Users\10525\Desktop\egg-file-upload\node_modules\egg-logrotator\app\schedule\rotate_by_file.js
2021-06-23 17:53:39,847 INFO 4880 [egg-schedule]: register schedule C:\Users\10525\Desktop\egg-file-upload\node_modules\egg-multipart\app\schedule\clean_tmpdir.js
2021-06-23 17:53:39,847 INFO 4880 [egg-schedule]: register schedule C:\Users\10525\Desktop\egg-file-upload\node_modules\egg-logrotator\app\schedule\clean_log.js
2021-06-23 17:53:39,847 INFO 4880 [egg-schedule]: register schedule C:\Users\10525\Desktop\egg-file-upload\node_modules\egg-logrotator\app\schedule\rotate_by_file.js
2021-06-23 17:54:06,906 INFO 11456 [egg-schedule]: register schedule C:\Users\10525\Desktop\egg-file-upload\node_modules\egg-multipart\app\schedule\clean_tmpdir.js
2021-06-23 17:54:06,906 INFO 11456 [egg-schedule]: register schedule C:\Users\10525\Desktop\egg-file-upload\node_modules\egg-logrotator\app\schedule\clean_log.js
2021-06-23 17:54:06,906 INFO 11456 [egg-schedule]: register schedule C:\Users\10525\Desktop\egg-file-upload\node_modules\egg-logrotator\app\schedule\rotate_by_file.js
2021-06-23 17:54:48,998 INFO 17948 [egg-schedule]: register schedule C:\Users\10525\Desktop\egg-file-upload\node_modules\egg-multipart\app\schedule\clean_tmpdir.js
2021-06-23 17:54:48,998 INFO 17948 [egg-schedule]: register schedule C:\Users\10525\Desktop\egg-file-upload\node_modules\egg-logrotator\app\schedule\clean_log.js
2021-06-23 17:54:48,998 INFO 17948 [egg-schedule]: register schedule C:\Users\10525\Desktop\egg-file-upload\node_modules\egg-logrotator\app\schedule\rotate_by_file.js
2021-06-23 17:55:29,622 INFO 4576 [egg-schedule]: register schedule C:\Users\10525\Desktop\egg-file-upload\node_modules\egg-multipart\app\schedule\clean_tmpdir.js
2021-06-23 17:55:29,622 INFO 4576 [egg-schedule]: register schedule C:\Users\10525\Desktop\egg-file-upload\node_modules\egg-logrotator\app\schedule\clean_log.js
2021-06-23 17:55:29,622 INFO 4576 [egg-schedule]: register schedule C:\Users\10525\Desktop\egg-file-upload\node_modules\egg-logrotator\app\schedule\rotate_by_file.js
2021-06-23 17:56:01,713 INFO 16964 [egg-schedule]: register schedule C:\Users\10525\Desktop\egg-file-upload\node_modules\egg-multipart\app\schedule\clean_tmpdir.js
2021-06-23 17:56:01,713 INFO 16964 [egg-schedule]: register schedule C:\Users\10525\Desktop\egg-file-upload\node_modules\egg-logrotator\app\schedule\clean_log.js
2021-06-23 17:56:01,713 INFO 16964 [egg-schedule]: register schedule C:\Users\10525\Desktop\egg-file-upload\node_modules\egg-logrotator\app\schedule\rotate_by_file.js
2021-06-23 17:56:10,418 INFO 18220 [egg-schedule]: register schedule C:\Users\10525\Desktop\egg-file-upload\node_modules\egg-multipart\app\schedule\clean_tmpdir.js
2021-06-23 17:56:10,418 INFO 18220 [egg-schedule]: register schedule C:\Users\10525\Desktop\egg-file-upload\node_modules\egg-logrotator\app\schedule\clean_log.js
2021-06-23 17:56:10,418 INFO 18220 [egg-schedule]: register schedule C:\Users\10525\Desktop\egg-file-upload\node_modules\egg-logrotator\app\schedule\rotate_by_file.js
2021-06-23 17:57:27,607 INFO 5276 [egg-schedule]: register schedule C:\Users\10525\Desktop\egg-file-upload\node_modules\egg-multipart\app\schedule\clean_tmpdir.js
2021-06-23 17:57:27,607 INFO 5276 [egg-schedule]: register schedule C:\Users\10525\Desktop\egg-file-upload\node_modules\egg-logrotator\app\schedule\clean_log.js
2021-06-23 17:57:27,607 INFO 5276 [egg-schedule]: register schedule C:\Users\10525\Desktop\egg-file-upload\node_modules\egg-logrotator\app\schedule\rotate_by_file.js
2021-06-23 17:57:27,862 INFO 1728 [Timer] C:\Users\10525\Desktop\egg-file-upload\node_modules\egg-multipart\app\schedule\clean_tmpdir.js next time will execute after 37952142ms at 2021-06-24 04:30:00.004
2021-06-23 17:57:27,863 INFO 1728 [Timer] C:\Users\10525\Desktop\egg-file-upload\node_modules\egg-logrotator\app\schedule\clean_log.js next time will execute after 21752138ms at 2021-06-24 00:00:00.001
2021-06-23 17:57:27,863 INFO 1728 [Timer] C:\Users\10525\Desktop\egg-file-upload\node_modules\egg-logrotator\app\schedule\rotate_by_file.js next time will execute after 21753137ms at 2021-06-24 00:00:01.000
2021-06-23 17:57:30,289 INFO 17980 [egg-schedule]: register schedule C:\Users\10525\Desktop\egg-file-upload\node_modules\egg-multipart\app\schedule\clean_tmpdir.js
2021-06-23 17:57:30,289 INFO 17980 [egg-schedule]: register schedule C:\Users\10525\Desktop\egg-file-upload\node_modules\egg-logrotator\app\schedule\clean_log.js
2021-06-23 17:57:30,289 INFO 17980 [egg-schedule]: register schedule C:\Users\10525\Desktop\egg-file-upload\node_modules\egg-logrotator\app\schedule\rotate_by_file.js
2021-06-23 17:57:42,982 INFO 16060 [Timer] C:\Users\10525\Desktop\egg-file-upload\node_modules\egg-multipart\app\schedule\clean_tmpdir.js next time will execute after 37937022ms at 2021-06-24 04:30:00.004
2021-06-23 17:57:42,983 INFO 16060 [Timer] C:\Users\10525\Desktop\egg-file-upload\node_modules\egg-logrotator\app\schedule\clean_log.js next time will execute after 21737018ms at 2021-06-24 00:00:00.001
2021-06-23 17:57:42,983 INFO 16060 [Timer] C:\Users\10525\Desktop\egg-file-upload\node_modules\egg-logrotator\app\schedule\rotate_by_file.js next time will execute after 21738017ms at 2021-06-24 00:00:01.000
2021-06-23 17:57:42,764 INFO 10468 [egg-schedule]: register schedule C:\Users\10525\Desktop\egg-file-upload\node_modules\egg-multipart\app\schedule\clean_tmpdir.js
2021-06-23 17:57:42,764 INFO 10468 [egg-schedule]: register schedule C:\Users\10525\Desktop\egg-file-upload\node_modules\egg-logrotator\app\schedule\clean_log.js
2021-06-23 17:57:42,764 INFO 10468 [egg-schedule]: register schedule C:\Users\10525\Desktop\egg-file-upload\node_modules\egg-logrotator\app\schedule\rotate_by_file.js
2021-06-23 17:59:16,920 INFO 18860 [Timer] C:\Users\10525\Desktop\egg-file-upload\node_modules\egg-multipart\app\schedule\clean_tmpdir.js next time will execute after 37843084ms at 2021-06-24 04:30:00.004
2021-06-23 17:59:16,921 INFO 18860 [Timer] C:\Users\10525\Desktop\egg-file-upload\node_modules\egg-logrotator\app\schedule\clean_log.js next time will execute after 21643080ms at 2021-06-24 00:00:00.000
2021-06-23 17:59:16,921 INFO 18860 [Timer] C:\Users\10525\Desktop\egg-file-upload\node_modules\egg-logrotator\app\schedule\rotate_by_file.js next time will execute after 21644079ms at 2021-06-24 00:00:01.000
2021-06-23 17:59:16,700 INFO 15056 [egg-schedule]: register schedule C:\Users\10525\Desktop\egg-file-upload\node_modules\egg-multipart\app\schedule\clean_tmpdir.js
2021-06-23 17:59:16,700 INFO 15056 [egg-schedule]: register schedule C:\Users\10525\Desktop\egg-file-upload\node_modules\egg-logrotator\app\schedule\clean_log.js
2021-06-23 17:59:16,700 INFO 15056 [egg-schedule]: register schedule C:\Users\10525\Desktop\egg-file-upload\node_modules\egg-logrotator\app\schedule\rotate_by_file.js
2021-06-29 17:47:13,056 INFO 11612 [egg-schedule]: register schedule C:\Users\10525\Desktop\egg-demo\node_modules\egg-multipart\app\schedule\clean_tmpdir.js
2021-06-29 17:47:13,056 INFO 11612 [egg-schedule]: register schedule C:\Users\10525\Desktop\egg-demo\node_modules\egg-logrotator\app\schedule\clean_log.js
2021-06-29 17:47:13,056 INFO 11612 [egg-schedule]: register schedule C:\Users\10525\Desktop\egg-demo\node_modules\egg-logrotator\app\schedule\rotate_by_file.js
2021-06-29 17:47:14,718 INFO 7992 [Timer] C:\Users\10525\Desktop\egg-demo\node_modules\egg-multipart\app\schedule\clean_tmpdir.js next time will execute after 38565286ms at 2021-06-30 04:30:00.004
2021-06-29 17:47:14,719 INFO 7992 [Timer] C:\Users\10525\Desktop\egg-demo\node_modules\egg-logrotator\app\schedule\clean_log.js next time will execute after 22365282ms at 2021-06-30 00:00:00.001
2021-06-29 17:47:14,719 INFO 7992 [Timer] C:\Users\10525\Desktop\egg-demo\node_modules\egg-logrotator\app\schedule\rotate_by_file.js next time will execute after 22366281ms at 2021-06-30 00:00:01.000
2021-06-29 17:47:16,419 INFO 10772 [egg-schedule]: register schedule C:\Users\10525\Desktop\egg-demo\node_modules\egg-multipart\app\schedule\clean_tmpdir.js
2021-06-29 17:47:16,419 INFO 10772 [egg-schedule]: register schedule C:\Users\10525\Desktop\egg-demo\node_modules\egg-logrotator\app\schedule\clean_log.js
2021-06-29 17:47:16,419 INFO 10772 [egg-schedule]: register schedule C:\Users\10525\Desktop\egg-demo\node_modules\egg-logrotator\app\schedule\rotate_by_file.js
2021-06-29 17:48:37,007 INFO 10216 [egg-schedule]: register schedule C:\Users\10525\Desktop\egg-demo\node_modules\egg-multipart\app\schedule\clean_tmpdir.js
2021-06-29 17:48:37,007 INFO 10216 [egg-schedule]: register schedule C:\Users\10525\Desktop\egg-demo\node_modules\egg-logrotator\app\schedule\clean_log.js
2021-06-29 17:48:37,007 INFO 10216 [egg-schedule]: register schedule C:\Users\10525\Desktop\egg-demo\node_modules\egg-logrotator\app\schedule\rotate_by_file.js
2021-06-29 17:48:37,252 INFO 14448 [Timer] C:\Users\10525\Desktop\egg-demo\node_modules\egg-multipart\app\schedule\clean_tmpdir.js next time will execute after 38482752ms at 2021-06-30 04:30:00.004
2021-06-29 17:48:37,253 INFO 14448 [Timer] C:\Users\10525\Desktop\egg-demo\node_modules\egg-logrotator\app\schedule\clean_log.js next time will execute after 22282748ms at 2021-06-30 00:00:00.001
2021-06-29 17:48:37,253 INFO 14448 [Timer] C:\Users\10525\Desktop\egg-demo\node_modules\egg-logrotator\app\schedule\rotate_by_file.js next time will execute after 22283747ms at 2021-06-30 00:00:01.000
2021-06-29 17:51:34,801 INFO 8104 [egg-schedule]: register schedule C:\Users\10525\Desktop\egg-demo\node_modules\egg-multipart\app\schedule\clean_tmpdir.js
2021-06-29 17:51:34,801 INFO 8104 [egg-schedule]: register schedule C:\Users\10525\Desktop\egg-demo\node_modules\egg-logrotator\app\schedule\clean_log.js
2021-06-29 17:51:34,801 INFO 8104 [egg-schedule]: register schedule C:\Users\10525\Desktop\egg-demo\node_modules\egg-logrotator\app\schedule\rotate_by_file.js
2021-06-29 17:52:00,545 INFO 6880 [egg-schedule]: register schedule C:\Users\10525\Desktop\egg-demo\node_modules\egg-multipart\app\schedule\clean_tmpdir.js
2021-06-29 17:52:00,545 INFO 6880 [egg-schedule]: register schedule C:\Users\10525\Desktop\egg-demo\node_modules\egg-logrotator\app\schedule\clean_log.js
2021-06-29 17:52:00,545 INFO 6880 [egg-schedule]: register schedule C:\Users\10525\Desktop\egg-demo\node_modules\egg-logrotator\app\schedule\rotate_by_file.js
2021-06-29 17:52:08,094 INFO 13912 [egg-schedule]: register schedule C:\Users\10525\Desktop\egg-demo\node_modules\egg-multipart\app\schedule\clean_tmpdir.js
2021-06-29 17:52:08,094 INFO 13912 [egg-schedule]: register schedule C:\Users\10525\Desktop\egg-demo\node_modules\egg-logrotator\app\schedule\clean_log.js
2021-06-29 17:52:08,094 INFO 13912 [egg-schedule]: register schedule C:\Users\10525\Desktop\egg-demo\node_modules\egg-logrotator\app\schedule\rotate_by_file.js
2021-06-29 17:52:44,500 INFO 14912 [egg-schedule]: register schedule C:\Users\10525\Desktop\egg-demo\node_modules\egg-multipart\app\schedule\clean_tmpdir.js
2021-06-29 17:52:44,501 INFO 14912 [egg-schedule]: register schedule C:\Users\10525\Desktop\egg-demo\node_modules\egg-logrotator\app\schedule\clean_log.js
2021-06-29 17:52:44,501 INFO 14912 [egg-schedule]: register schedule C:\Users\10525\Desktop\egg-demo\node_modules\egg-logrotator\app\schedule\rotate_by_file.js
2021-06-29 17:53:17,450 INFO 19288 [egg-schedule]: register schedule C:\Users\10525\Desktop\egg-demo\node_modules\egg-multipart\app\schedule\clean_tmpdir.js
2021-06-29 17:53:17,450 INFO 19288 [egg-schedule]: register schedule C:\Users\10525\Desktop\egg-demo\node_modules\egg-logrotator\app\schedule\clean_log.js
2021-06-29 17:53:17,450 INFO 19288 [egg-schedule]: register schedule C:\Users\10525\Desktop\egg-demo\node_modules\egg-logrotator\app\schedule\rotate_by_file.js
2021-06-29 17:53:48,469 INFO 11244 [egg-schedule]: register schedule C:\Users\10525\Desktop\egg-demo\node_modules\egg-multipart\app\schedule\clean_tmpdir.js
2021-06-29 17:53:48,469 INFO 11244 [egg-schedule]: register schedule C:\Users\10525\Desktop\egg-demo\node_modules\egg-logrotator\app\schedule\clean_log.js
2021-06-29 17:53:48,469 INFO 11244 [egg-schedule]: register schedule C:\Users\10525\Desktop\egg-demo\node_modules\egg-logrotator\app\schedule\rotate_by_file.js
2021-06-29 17:57:34,546 INFO 3592 [egg-schedule]: register schedule C:\Users\10525\Desktop\egg-demo\node_modules\egg-multipart\app\schedule\clean_tmpdir.js
2021-06-29 17:57:34,546 INFO 3592 [egg-schedule]: register schedule C:\Users\10525\Desktop\egg-demo\node_modules\egg-logrotator\app\schedule\clean_log.js
2021-06-29 17:57:34,546 INFO 3592 [egg-schedule]: register schedule C:\Users\10525\Desktop\egg-demo\node_modules\egg-logrotator\app\schedule\rotate_by_file.js
2021-06-29 17:58:19,079 INFO 8284 [egg-schedule]: register schedule C:\Users\10525\Desktop\egg-demo\node_modules\egg-multipart\app\schedule\clean_tmpdir.js
2021-06-29 17:58:19,079 INFO 8284 [egg-schedule]: register schedule C:\Users\10525\Desktop\egg-demo\node_modules\egg-logrotator\app\schedule\clean_log.js
2021-06-29 17:58:19,079 INFO 8284 [egg-schedule]: register schedule C:\Users\10525\Desktop\egg-demo\node_modules\egg-logrotator\app\schedule\rotate_by_file.js
2021-06-29 18:01:44,785 INFO 7096 [egg-schedule]: register schedule C:\Users\10525\Desktop\egg-demo\node_modules\egg-multipart\app\schedule\clean_tmpdir.js
2021-06-29 18:01:44,785 INFO 7096 [egg-schedule]: register schedule C:\Users\10525\Desktop\egg-demo\node_modules\egg-logrotator\app\schedule\clean_log.js
2021-06-29 18:01:44,785 INFO 7096 [egg-schedule]: register schedule C:\Users\10525\Desktop\egg-demo\node_modules\egg-logrotator\app\schedule\rotate_by_file.js
2021-06-29 18:01:53,279 INFO 6336 [egg-schedule]: register schedule C:\Users\10525\Desktop\egg-demo\node_modules\egg-multipart\app\schedule\clean_tmpdir.js
2021-06-29 18:01:53,279 INFO 6336 [egg-schedule]: register schedule C:\Users\10525\Desktop\egg-demo\node_modules\egg-logrotator\app\schedule\clean_log.js
2021-06-29 18:01:53,279 INFO 6336 [egg-schedule]: register schedule C:\Users\10525\Desktop\egg-demo\node_modules\egg-logrotator\app\schedule\rotate_by_file.js
2021-06-30 09:32:55,996 INFO 4984 [egg-schedule]: register schedule C:\Users\10525\Desktop\egg-demo\node_modules\egg-multipart\app\schedule\clean_tmpdir.js
2021-06-30 09:32:55,996 INFO 4984 [egg-schedule]: register schedule C:\Users\10525\Desktop\egg-demo\node_modules\egg-logrotator\app\schedule\clean_log.js
2021-06-30 09:32:55,996 INFO 4984 [egg-schedule]: register schedule C:\Users\10525\Desktop\egg-demo\node_modules\egg-logrotator\app\schedule\rotate_by_file.js
2021-06-30 09:32:58,016 INFO 14904 [Timer] C:\Users\10525\Desktop\egg-demo\node_modules\egg-multipart\app\schedule\clean_tmpdir.js next time will execute after 68221988ms at 2021-07-01 04:30:00.004
2021-06-30 09:32:58,017 INFO 14904 [Timer] C:\Users\10525\Desktop\egg-demo\node_modules\egg-logrotator\app\schedule\clean_log.js next time will execute after 52021983ms at 2021-07-01 00:00:00.000
2021-06-30 09:32:58,017 INFO 14904 [Timer] C:\Users\10525\Desktop\egg-demo\node_modules\egg-logrotator\app\schedule\rotate_by_file.js next time will execute after 52022983ms at 2021-07-01 00:00:01.000
2021-06-30 09:33:55,643 INFO 16236 [egg-schedule]: register schedule C:\Users\10525\Desktop\egg-demo\node_modules\egg-multipart\app\schedule\clean_tmpdir.js
2021-06-30 09:33:55,643 INFO 16236 [egg-schedule]: register schedule C:\Users\10525\Desktop\egg-demo\node_modules\egg-logrotator\app\schedule\clean_log.js
2021-06-30 09:33:55,643 INFO 16236 [egg-schedule]: register schedule C:\Users\10525\Desktop\egg-demo\node_modules\egg-logrotator\app\schedule\rotate_by_file.js
2021-06-30 09:34:28,661 INFO 15860 [egg-schedule]: register schedule C:\Users\10525\Desktop\egg-demo\node_modules\egg-multipart\app\schedule\clean_tmpdir.js
2021-06-30 09:34:28,661 INFO 15860 [egg-schedule]: register schedule C:\Users\10525\Desktop\egg-demo\node_modules\egg-logrotator\app\schedule\clean_log.js
2021-06-30 09:34:28,661 INFO 15860 [egg-schedule]: register schedule C:\Users\10525\Desktop\egg-demo\node_modules\egg-logrotator\app\schedule\rotate_by_file.js
2021-06-30 09:36:17,473 INFO 15956 [egg-schedule]: register schedule C:\Users\10525\Desktop\egg-demo\node_modules\egg-multipart\app\schedule\clean_tmpdir.js
2021-06-30 09:36:17,473 INFO 15956 [egg-schedule]: register schedule C:\Users\10525\Desktop\egg-demo\node_modules\egg-logrotator\app\schedule\clean_log.js
2021-06-30 09:36:17,473 INFO 15956 [egg-schedule]: register schedule C:\Users\10525\Desktop\egg-demo\node_modules\egg-logrotator\app\schedule\rotate_by_file.js
2021-06-30 09:37:35,843 INFO 15936 [egg-schedule]: register schedule C:\Users\10525\Desktop\egg-demo\node_modules\egg-multipart\app\schedule\clean_tmpdir.js
2021-06-30 09:37:35,843 INFO 15936 [egg-schedule]: register schedule C:\Users\10525\Desktop\egg-demo\node_modules\egg-logrotator\app\schedule\clean_log.js
2021-06-30 09:37:35,843 INFO 15936 [egg-schedule]: register schedule C:\Users\10525\Desktop\egg-demo\node_modules\egg-logrotator\app\schedule\rotate_by_file.js
2021-06-30 09:38:42,321 INFO 1732 [egg-schedule]: register schedule C:\Users\10525\Desktop\egg-demo\node_modules\egg-multipart\app\schedule\clean_tmpdir.js
2021-06-30 09:38:42,321 INFO 1732 [egg-schedule]: register schedule C:\Users\10525\Desktop\egg-demo\node_modules\egg-logrotator\app\schedule\clean_log.js
2021-06-30 09:38:42,321 INFO 1732 [egg-schedule]: register schedule C:\Users\10525\Desktop\egg-demo\node_modules\egg-logrotator\app\schedule\rotate_by_file.js
2021-06-30 09:39:02,677 INFO 17184 [egg-schedule]: register schedule C:\Users\10525\Desktop\egg-demo\node_modules\egg-multipart\app\schedule\clean_tmpdir.js
2021-06-30 09:39:02,677 INFO 17184 [egg-schedule]: register schedule C:\Users\10525\Desktop\egg-demo\node_modules\egg-logrotator\app\schedule\clean_log.js
2021-06-30 09:39:02,677 INFO 17184 [egg-schedule]: register schedule C:\Users\10525\Desktop\egg-demo\node_modules\egg-logrotator\app\schedule\rotate_by_file.js
2021-06-30 09:42:49,021 INFO 1144 [egg-schedule]: register schedule C:\Users\10525\Desktop\egg-demo\node_modules\egg-multipart\app\schedule\clean_tmpdir.js
2021-06-30 09:42:49,021 INFO 1144 [egg-schedule]: register schedule C:\Users\10525\Desktop\egg-demo\node_modules\egg-logrotator\app\schedule\clean_log.js
2021-06-30 09:42:49,021 INFO 1144 [egg-schedule]: register schedule C:\Users\10525\Desktop\egg-demo\node_modules\egg-logrotator\app\schedule\rotate_by_file.js
2021-06-30 09:43:41,227 INFO 15596 [egg-schedule]: register schedule C:\Users\10525\Desktop\egg-demo\node_modules\egg-multipart\app\schedule\clean_tmpdir.js
2021-06-30 09:43:41,227 INFO 15596 [egg-schedule]: register schedule C:\Users\10525\Desktop\egg-demo\node_modules\egg-logrotator\app\schedule\clean_log.js
2021-06-30 09:43:41,227 INFO 15596 [egg-schedule]: register schedule C:\Users\10525\Desktop\egg-demo\node_modules\egg-logrotator\app\schedule\rotate_by_file.js
2021-06-30 11:07:59,270 INFO 5176 [egg-schedule]: register schedule C:\Users\10525\Desktop\egg-demo\node_modules\egg-multipart\app\schedule\clean_tmpdir.js
2021-06-30 11:07:59,270 INFO 5176 [egg-schedule]: register schedule C:\Users\10525\Desktop\egg-demo\node_modules\egg-logrotator\app\schedule\clean_log.js
2021-06-30 11:07:59,270 INFO 5176 [egg-schedule]: register schedule C:\Users\10525\Desktop\egg-demo\node_modules\egg-logrotator\app\schedule\rotate_by_file.js
2021-06-30 11:08:02,415 INFO 9528 [egg-schedule]: register schedule C:\Users\10525\Desktop\egg-demo\node_modules\egg-multipart\app\schedule\clean_tmpdir.js
2021-06-30 11:08:02,415 INFO 9528 [egg-schedule]: register schedule C:\Users\10525\Desktop\egg-demo\node_modules\egg-logrotator\app\schedule\clean_log.js
2021-06-30 11:08:02,415 INFO 9528 [egg-schedule]: register schedule C:\Users\10525\Desktop\egg-demo\node_modules\egg-logrotator\app\schedule\rotate_by_file.js
2021-06-30 11:08:12,471 INFO 812 [egg-schedule]: register schedule C:\Users\10525\Desktop\egg-demo\node_modules\egg-multipart\app\schedule\clean_tmpdir.js
2021-06-30 11:08:12,471 INFO 812 [egg-schedule]: register schedule C:\Users\10525\Desktop\egg-demo\node_modules\egg-logrotator\app\schedule\clean_log.js
2021-06-30 11:08:12,471 INFO 812 [egg-schedule]: register schedule C:\Users\10525\Desktop\egg-demo\node_modules\egg-logrotator\app\schedule\rotate_by_file.js
2021-06-30 11:08:57,028 INFO 15088 [Timer] C:\Users\10525\Desktop\egg-demo\node_modules\egg-multipart\app\schedule\clean_tmpdir.js next time will execute after 62462976ms at 2021-07-01 04:30:00.004
2021-06-30 11:08:57,029 INFO 15088 [Timer] C:\Users\10525\Desktop\egg-demo\node_modules\egg-logrotator\app\schedule\clean_log.js next time will execute after 46262972ms at 2021-07-01 00:00:00.001
2021-06-30 11:08:57,029 INFO 15088 [Timer] C:\Users\10525\Desktop\egg-demo\node_modules\egg-logrotator\app\schedule\rotate_by_file.js next time will execute after 46263971ms at 2021-07-01 00:00:01.000
2021-06-30 11:08:56,696 INFO 14592 [egg-schedule]: register schedule C:\Users\10525\Desktop\egg-demo\node_modules\egg-multipart\app\schedule\clean_tmpdir.js
2021-06-30 11:08:56,696 INFO 14592 [egg-schedule]: register schedule C:\Users\10525\Desktop\egg-demo\node_modules\egg-logrotator\app\schedule\clean_log.js
2021-06-30 11:08:56,696 INFO 14592 [egg-schedule]: register schedule C:\Users\10525\Desktop\egg-demo\node_modules\egg-logrotator\app\schedule\rotate_by_file.js
2021-06-30 11:56:11,194 INFO 7656 [egg-schedule]: register schedule C:\Users\10525\Desktop\egg-demo\node_modules\egg-multipart\app\schedule\clean_tmpdir.js
2021-06-30 11:56:11,194 INFO 7656 [egg-schedule]: register schedule C:\Users\10525\Desktop\egg-demo\node_modules\egg-logrotator\app\schedule\clean_log.js
2021-06-30 11:56:11,194 INFO 7656 [egg-schedule]: register schedule C:\Users\10525\Desktop\egg-demo\node_modules\egg-logrotator\app\schedule\rotate_by_file.js
2021-06-30 11:56:16,871 INFO 4068 [egg-schedule]: register schedule C:\Users\10525\Desktop\egg-demo\node_modules\egg-multipart\app\schedule\clean_tmpdir.js
2021-06-30 11:56:16,871 INFO 4068 [egg-schedule]: register schedule C:\Users\10525\Desktop\egg-demo\node_modules\egg-logrotator\app\schedule\clean_log.js
2021-06-30 11:56:16,871 INFO 4068 [egg-schedule]: register schedule C:\Users\10525\Desktop\egg-demo\node_modules\egg-logrotator\app\schedule\rotate_by_file.js
2021-06-30 14:13:16,994 INFO 15076 [egg-schedule]: register schedule C:\Users\10525\Desktop\egg-demo\node_modules\egg-multipart\app\schedule\clean_tmpdir.js
2021-06-30 14:13:16,994 INFO 15076 [egg-schedule]: register schedule C:\Users\10525\Desktop\egg-demo\node_modules\egg-logrotator\app\schedule\clean_log.js
2021-06-30 14:13:16,994 INFO 15076 [egg-schedule]: register schedule C:\Users\10525\Desktop\egg-demo\node_modules\egg-logrotator\app\schedule\rotate_by_file.js
2021-06-30 14:13:19,075 INFO 18676 [egg-schedule]: register schedule C:\Users\10525\Desktop\egg-demo\node_modules\egg-multipart\app\schedule\clean_tmpdir.js
2021-06-30 14:13:19,075 INFO 18676 [egg-schedule]: register schedule C:\Users\10525\Desktop\egg-demo\node_modules\egg-logrotator\app\schedule\clean_log.js
2021-06-30 14:13:19,075 INFO 18676 [egg-schedule]: register schedule C:\Users\10525\Desktop\egg-demo\node_modules\egg-logrotator\app\schedule\rotate_by_file.js
2021-06-30 14:17:56,058 INFO 780 [egg-schedule]: register schedule C:\Users\10525\Desktop\egg-demo\node_modules\egg-multipart\app\schedule\clean_tmpdir.js
2021-06-30 14:17:56,058 INFO 780 [egg-schedule]: register schedule C:\Users\10525\Desktop\egg-demo\node_modules\egg-logrotator\app\schedule\clean_log.js
2021-06-30 14:17:56,058 INFO 780 [egg-schedule]: register schedule C:\Users\10525\Desktop\egg-demo\node_modules\egg-logrotator\app\schedule\rotate_by_file.js
2021-06-30 14:21:28,520 INFO 8480 [egg-schedule]: register schedule C:\Users\10525\Desktop\egg-demo\node_modules\egg-multipart\app\schedule\clean_tmpdir.js
2021-06-30 14:21:28,520 INFO 8480 [egg-schedule]: register schedule C:\Users\10525\Desktop\egg-demo\node_modules\egg-logrotator\app\schedule\clean_log.js
2021-06-30 14:21:28,520 INFO 8480 [egg-schedule]: register schedule C:\Users\10525\Desktop\egg-demo\node_modules\egg-logrotator\app\schedule\rotate_by_file.js
2021-06-30 14:22:48,034 INFO 11884 [egg-schedule]: register schedule C:\Users\10525\Desktop\egg-demo\node_modules\egg-multipart\app\schedule\clean_tmpdir.js
2021-06-30 14:22:48,034 INFO 11884 [egg-schedule]: register schedule C:\Users\10525\Desktop\egg-demo\node_modules\egg-logrotator\app\schedule\clean_log.js
2021-06-30 14:22:48,034 INFO 11884 [egg-schedule]: register schedule C:\Users\10525\Desktop\egg-demo\node_modules\egg-logrotator\app\schedule\rotate_by_file.js
2021-06-30 14:23:07,712 INFO 3468 [egg-schedule]: register schedule C:\Users\10525\Desktop\egg-demo\node_modules\egg-multipart\app\schedule\clean_tmpdir.js
2021-06-30 14:23:07,712 INFO 3468 [egg-schedule]: register schedule C:\Users\10525\Desktop\egg-demo\node_modules\egg-logrotator\app\schedule\clean_log.js
2021-06-30 14:23:07,712 INFO 3468 [egg-schedule]: register schedule C:\Users\10525\Desktop\egg-demo\node_modules\egg-logrotator\app\schedule\rotate_by_file.js
2021-06-30 14:24:48,181 INFO 9112 [egg-schedule]: register schedule C:\Users\10525\Desktop\egg-demo\node_modules\egg-multipart\app\schedule\clean_tmpdir.js
2021-06-30 14:24:48,181 INFO 9112 [egg-schedule]: register schedule C:\Users\10525\Desktop\egg-demo\node_modules\egg-logrotator\app\schedule\clean_log.js
2021-06-30 14:24:48,181 INFO 9112 [egg-schedule]: register schedule C:\Users\10525\Desktop\egg-demo\node_modules\egg-logrotator\app\schedule\rotate_by_file.js
2021-06-30 14:28:11,898 INFO 6000 [egg-schedule]: register schedule C:\Users\10525\Desktop\egg-demo\node_modules\egg-multipart\app\schedule\clean_tmpdir.js
2021-06-30 14:28:11,898 INFO 6000 [egg-schedule]: register schedule C:\Users\10525\Desktop\egg-demo\node_modules\egg-logrotator\app\schedule\clean_log.js
2021-06-30 14:28:11,898 INFO 6000 [egg-schedule]: register schedule C:\Users\10525\Desktop\egg-demo\node_modules\egg-logrotator\app\schedule\rotate_by_file.js
2021-06-30 14:28:13,822 INFO 6804 [egg-schedule]: register schedule C:\Users\10525\Desktop\egg-demo\node_modules\egg-multipart\app\schedule\clean_tmpdir.js
2021-06-30 14:28:13,822 INFO 6804 [egg-schedule]: register schedule C:\Users\10525\Desktop\egg-demo\node_modules\egg-logrotator\app\schedule\clean_log.js
2021-06-30 14:28:13,822 INFO 6804 [egg-schedule]: register schedule C:\Users\10525\Desktop\egg-demo\node_modules\egg-logrotator\app\schedule\rotate_by_file.js
2021-06-30 14:28:17,338 INFO 15964 [egg-schedule]: register schedule C:\Users\10525\Desktop\egg-demo\node_modules\egg-multipart\app\schedule\clean_tmpdir.js
2021-06-30 14:28:17,338 INFO 15964 [egg-schedule]: register schedule C:\Users\10525\Desktop\egg-demo\node_modules\egg-logrotator\app\schedule\clean_log.js
2021-06-30 14:28:17,338 INFO 15964 [egg-schedule]: register schedule C:\Users\10525\Desktop\egg-demo\node_modules\egg-logrotator\app\schedule\rotate_by_file.js
2021-06-30 14:29:06,423 INFO 7164 [egg-schedule]: register schedule C:\Users\10525\Desktop\egg-demo\node_modules\egg-multipart\app\schedule\clean_tmpdir.js
2021-06-30 14:29:06,423 INFO 7164 [egg-schedule]: register schedule C:\Users\10525\Desktop\egg-demo\node_modules\egg-logrotator\app\schedule\clean_log.js
2021-06-30 14:29:06,423 INFO 7164 [egg-schedule]: register schedule C:\Users\10525\Desktop\egg-demo\node_modules\egg-logrotator\app\schedule\rotate_by_file.js
2021-06-30 14:29:26,129 INFO 10276 [egg-schedule]: register schedule C:\Users\10525\Desktop\egg-demo\node_modules\egg-multipart\app\schedule\clean_tmpdir.js
2021-06-30 14:29:26,129 INFO 10276 [egg-schedule]: register schedule C:\Users\10525\Desktop\egg-demo\node_modules\egg-logrotator\app\schedule\clean_log.js
2021-06-30 14:29:26,129 INFO 10276 [egg-schedule]: register schedule C:\Users\10525\Desktop\egg-demo\node_modules\egg-logrotator\app\schedule\rotate_by_file.js
2021-06-30 14:29:28,069 INFO 2780 [egg-schedule]: register schedule C:\Users\10525\Desktop\egg-demo\node_modules\egg-multipart\app\schedule\clean_tmpdir.js
2021-06-30 14:29:28,069 INFO 2780 [egg-schedule]: register schedule C:\Users\10525\Desktop\egg-demo\node_modules\egg-logrotator\app\schedule\clean_log.js
2021-06-30 14:29:28,069 INFO 2780 [egg-schedule]: register schedule C:\Users\10525\Desktop\egg-demo\node_modules\egg-logrotator\app\schedule\rotate_by_file.js
2021-06-30 14:29:45,661 INFO 16440 [egg-schedule]: register schedule C:\Users\10525\Desktop\egg-demo\node_modules\egg-multipart\app\schedule\clean_tmpdir.js
2021-06-30 14:29:45,661 INFO 16440 [egg-schedule]: register schedule C:\Users\10525\Desktop\egg-demo\node_modules\egg-logrotator\app\schedule\clean_log.js
2021-06-30 14:29:45,662 INFO 16440 [egg-schedule]: register schedule C:\Users\10525\Desktop\egg-demo\node_modules\egg-logrotator\app\schedule\rotate_by_file.js
2021-06-30 14:29:57,071 INFO 12112 [egg-schedule]: register schedule C:\Users\10525\Desktop\egg-demo\node_modules\egg-multipart\app\schedule\clean_tmpdir.js
2021-06-30 14:29:57,071 INFO 12112 [egg-schedule]: register schedule C:\Users\10525\Desktop\egg-demo\node_modules\egg-logrotator\app\schedule\clean_log.js
2021-06-30 14:29:57,071 INFO 12112 [egg-schedule]: register schedule C:\Users\10525\Desktop\egg-demo\node_modules\egg-logrotator\app\schedule\rotate_by_file.js
2021-06-30 14:30:17,419 INFO 8288 [egg-schedule]: register schedule C:\Users\10525\Desktop\egg-demo\node_modules\egg-multipart\app\schedule\clean_tmpdir.js
2021-06-30 14:30:17,419 INFO 8288 [egg-schedule]: register schedule C:\Users\10525\Desktop\egg-demo\node_modules\egg-logrotator\app\schedule\clean_log.js
2021-06-30 14:30:17,419 INFO 8288 [egg-schedule]: register schedule C:\Users\10525\Desktop\egg-demo\node_modules\egg-logrotator\app\schedule\rotate_by_file.js
2021-06-30 14:32:13,116 INFO 16924 [egg-schedule]: register schedule C:\Users\10525\Desktop\egg-demo\node_modules\egg-multipart\app\schedule\clean_tmpdir.js
2021-06-30 14:32:13,116 INFO 16924 [egg-schedule]: register schedule C:\Users\10525\Desktop\egg-demo\node_modules\egg-logrotator\app\schedule\clean_log.js
2021-06-30 14:32:13,116 INFO 16924 [egg-schedule]: register schedule C:\Users\10525\Desktop\egg-demo\node_modules\egg-logrotator\app\schedule\rotate_by_file.js
2021-06-30 14:32:34,714 INFO 18832 [egg-schedule]: register schedule C:\Users\10525\Desktop\egg-demo\node_modules\egg-multipart\app\schedule\clean_tmpdir.js
2021-06-30 14:32:34,715 INFO 18832 [egg-schedule]: register schedule C:\Users\10525\Desktop\egg-demo\node_modules\egg-logrotator\app\schedule\clean_log.js
2021-06-30 14:32:34,715 INFO 18832 [egg-schedule]: register schedule C:\Users\10525\Desktop\egg-demo\node_modules\egg-logrotator\app\schedule\rotate_by_file.js
2021-06-30 14:32:36,995 INFO 18008 [egg-schedule]: register schedule C:\Users\10525\Desktop\egg-demo\node_modules\egg-multipart\app\schedule\clean_tmpdir.js
2021-06-30 14:32:36,995 INFO 18008 [egg-schedule]: register schedule C:\Users\10525\Desktop\egg-demo\node_modules\egg-logrotator\app\schedule\clean_log.js
2021-06-30 14:32:36,995 INFO 18008 [egg-schedule]: register schedule C:\Users\10525\Desktop\egg-demo\node_modules\egg-logrotator\app\schedule\rotate_by_file.js
2021-06-30 14:33:16,620 INFO 6376 [egg-schedule]: register schedule C:\Users\10525\Desktop\egg-demo\node_modules\egg-multipart\app\schedule\clean_tmpdir.js
2021-06-30 14:33:16,620 INFO 6376 [egg-schedule]: register schedule C:\Users\10525\Desktop\egg-demo\node_modules\egg-logrotator\app\schedule\clean_log.js
2021-06-30 14:33:16,620 INFO 6376 [egg-schedule]: register schedule C:\Users\10525\Desktop\egg-demo\node_modules\egg-logrotator\app\schedule\rotate_by_file.js
2021-06-30 14:35:40,729 INFO 10908 [egg-schedule]: register schedule C:\Users\10525\Desktop\egg-demo\node_modules\egg-multipart\app\schedule\clean_tmpdir.js
2021-06-30 14:35:40,730 INFO 10908 [egg-schedule]: register schedule C:\Users\10525\Desktop\egg-demo\node_modules\egg-logrotator\app\schedule\clean_log.js
2021-06-30 14:35:40,730 INFO 10908 [egg-schedule]: register schedule C:\Users\10525\Desktop\egg-demo\node_modules\egg-logrotator\app\schedule\rotate_by_file.js
2021-06-30 14:38:57,868 INFO 2508 [egg-schedule]: register schedule C:\Users\10525\Desktop\egg-demo\node_modules\egg-multipart\app\schedule\clean_tmpdir.js
2021-06-30 14:38:57,869 INFO 2508 [egg-schedule]: register schedule C:\Users\10525\Desktop\egg-demo\node_modules\egg-logrotator\app\schedule\clean_log.js
2021-06-30 14:38:57,869 INFO 2508 [egg-schedule]: register schedule C:\Users\10525\Desktop\egg-demo\node_modules\egg-logrotator\app\schedule\rotate_by_file.js
2021-06-30 14:39:11,620 INFO 16352 [egg-schedule]: register schedule C:\Users\10525\Desktop\egg-demo\node_modules\egg-multipart\app\schedule\clean_tmpdir.js
2021-06-30 14:39:11,620 INFO 16352 [egg-schedule]: register schedule C:\Users\10525\Desktop\egg-demo\node_modules\egg-logrotator\app\schedule\clean_log.js
2021-06-30 14:39:11,620 INFO 16352 [egg-schedule]: register schedule C:\Users\10525\Desktop\egg-demo\node_modules\egg-logrotator\app\schedule\rotate_by_file.js
2021-06-30 14:40:06,119 INFO 7844 [egg-schedule]: register schedule C:\Users\10525\Desktop\egg-demo\node_modules\egg-multipart\app\schedule\clean_tmpdir.js
2021-06-30 14:40:06,119 INFO 7844 [egg-schedule]: register schedule C:\Users\10525\Desktop\egg-demo\node_modules\egg-logrotator\app\schedule\clean_log.js
2021-06-30 14:40:06,119 INFO 7844 [egg-schedule]: register schedule C:\Users\10525\Desktop\egg-demo\node_modules\egg-logrotator\app\schedule\rotate_by_file.js
2021-06-30 14:44:02,443 INFO 13272 [egg-schedule]: register schedule C:\Users\10525\Desktop\egg-demo\node_modules\egg-multipart\app\schedule\clean_tmpdir.js
2021-06-30 14:44:02,443 INFO 13272 [egg-schedule]: register schedule C:\Users\10525\Desktop\egg-demo\node_modules\egg-logrotator\app\schedule\clean_log.js
2021-06-30 14:44:02,443 INFO 13272 [egg-schedule]: register schedule C:\Users\10525\Desktop\egg-demo\node_modules\egg-logrotator\app\schedule\rotate_by_file.js
2021-06-30 14:57:30,418 INFO 15188 [egg-schedule]: register schedule C:\Users\10525\Desktop\egg-demo\node_modules\egg-multipart\app\schedule\clean_tmpdir.js
2021-06-30 14:57:30,418 INFO 15188 [egg-schedule]: register schedule C:\Users\10525\Desktop\egg-demo\node_modules\egg-logrotator\app\schedule\clean_log.js
2021-06-30 14:57:30,418 INFO 15188 [egg-schedule]: register schedule C:\Users\10525\Desktop\egg-demo\node_modules\egg-logrotator\app\schedule\rotate_by_file.js
2021-06-30 14:57:40,932 INFO 10800 [egg-schedule]: register schedule C:\Users\10525\Desktop\egg-demo\node_modules\egg-multipart\app\schedule\clean_tmpdir.js
2021-06-30 14:57:40,932 INFO 10800 [egg-schedule]: register schedule C:\Users\10525\Desktop\egg-demo\node_modules\egg-logrotator\app\schedule\clean_log.js
2021-06-30 14:57:40,932 INFO 10800 [egg-schedule]: register schedule C:\Users\10525\Desktop\egg-demo\node_modules\egg-logrotator\app\schedule\rotate_by_file.js
2021-06-30 15:00:54,916 INFO 3664 [egg-schedule]: register schedule C:\Users\10525\Desktop\egg-demo\node_modules\egg-multipart\app\schedule\clean_tmpdir.js
2021-06-30 15:00:54,916 INFO 3664 [egg-schedule]: register schedule C:\Users\10525\Desktop\egg-demo\node_modules\egg-logrotator\app\schedule\clean_log.js
2021-06-30 15:00:54,916 INFO 3664 [egg-schedule]: register schedule C:\Users\10525\Desktop\egg-demo\node_modules\egg-logrotator\app\schedule\rotate_by_file.js
2021-06-30 15:01:45,750 INFO 5300 [egg-schedule]: register schedule C:\Users\10525\Desktop\egg-demo\node_modules\egg-multipart\app\schedule\clean_tmpdir.js
2021-06-30 15:01:45,750 INFO 5300 [egg-schedule]: register schedule C:\Users\10525\Desktop\egg-demo\node_modules\egg-logrotator\app\schedule\clean_log.js
2021-06-30 15:01:45,750 INFO 5300 [egg-schedule]: register schedule C:\Users\10525\Desktop\egg-demo\node_modules\egg-logrotator\app\schedule\rotate_by_file.js
2021-06-30 15:02:21,916 INFO 8112 [egg-schedule]: register schedule C:\Users\10525\Desktop\egg-demo\node_modules\egg-multipart\app\schedule\clean_tmpdir.js
2021-06-30 15:02:21,916 INFO 8112 [egg-schedule]: register schedule C:\Users\10525\Desktop\egg-demo\node_modules\egg-logrotator\app\schedule\clean_log.js
2021-06-30 15:02:21,916 INFO 8112 [egg-schedule]: register schedule C:\Users\10525\Desktop\egg-demo\node_modules\egg-logrotator\app\schedule\rotate_by_file.js
2021-06-30 15:06:03,122 INFO 17064 [egg-schedule]: register schedule C:\Users\10525\Desktop\egg-demo\node_modules\egg-multipart\app\schedule\clean_tmpdir.js
2021-06-30 15:06:03,122 INFO 17064 [egg-schedule]: register schedule C:\Users\10525\Desktop\egg-demo\node_modules\egg-logrotator\app\schedule\clean_log.js
2021-06-30 15:06:03,122 INFO 17064 [egg-schedule]: register schedule C:\Users\10525\Desktop\egg-demo\node_modules\egg-logrotator\app\schedule\rotate_by_file.js
2021-06-30 15:09:58,027 INFO 7616 [egg-schedule]: register schedule C:\Users\10525\Desktop\egg-demo\node_modules\egg-multipart\app\schedule\clean_tmpdir.js
2021-06-30 15:09:58,027 INFO 7616 [egg-schedule]: register schedule C:\Users\10525\Desktop\egg-demo\node_modules\egg-logrotator\app\schedule\clean_log.js
2021-06-30 15:09:58,027 INFO 7616 [egg-schedule]: register schedule C:\Users\10525\Desktop\egg-demo\node_modules\egg-logrotator\app\schedule\rotate_by_file.js
2021-06-30 15:17:15,973 INFO 15808 [egg-schedule]: register schedule C:\Users\10525\Desktop\egg-demo\node_modules\egg-multipart\app\schedule\clean_tmpdir.js
2021-06-30 15:17:15,973 INFO 15808 [egg-schedule]: register schedule C:\Users\10525\Desktop\egg-demo\node_modules\egg-logrotator\app\schedule\clean_log.js
2021-06-30 15:17:15,973 INFO 15808 [egg-schedule]: register schedule C:\Users\10525\Desktop\egg-demo\node_modules\egg-logrotator\app\schedule\rotate_by_file.js
2021-06-30 15:17:18,337 INFO 4872 [egg-schedule]: register schedule C:\Users\10525\Desktop\egg-demo\node_modules\egg-multipart\app\schedule\clean_tmpdir.js
2021-06-30 15:17:18,337 INFO 4872 [egg-schedule]: register schedule C:\Users\10525\Desktop\egg-demo\node_modules\egg-logrotator\app\schedule\clean_log.js
2021-06-30 15:17:18,337 INFO 4872 [egg-schedule]: register schedule C:\Users\10525\Desktop\egg-demo\node_modules\egg-logrotator\app\schedule\rotate_by_file.js
2021-06-30 15:17:43,220 INFO 7748 [egg-schedule]: register schedule C:\Users\10525\Desktop\egg-demo\node_modules\egg-multipart\app\schedule\clean_tmpdir.js
2021-06-30 15:17:43,220 INFO 7748 [egg-schedule]: register schedule C:\Users\10525\Desktop\egg-demo\node_modules\egg-logrotator\app\schedule\clean_log.js
2021-06-30 15:17:43,220 INFO 7748 [egg-schedule]: register schedule C:\Users\10525\Desktop\egg-demo\node_modules\egg-logrotator\app\schedule\rotate_by_file.js
2021-06-30 15:17:56,041 INFO 11764 [egg-schedule]: register schedule C:\Users\10525\Desktop\egg-demo\node_modules\egg-multipart\app\schedule\clean_tmpdir.js
2021-06-30 15:17:56,041 INFO 11764 [egg-schedule]: register schedule C:\Users\10525\Desktop\egg-demo\node_modules\egg-logrotator\app\schedule\clean_log.js
2021-06-30 15:17:56,041 INFO 11764 [egg-schedule]: register schedule C:\Users\10525\Desktop\egg-demo\node_modules\egg-logrotator\app\schedule\rotate_by_file.js
2021-06-30 15:18:06,580 INFO 3608 [egg-schedule]: register schedule C:\Users\10525\Desktop\egg-demo\node_modules\egg-multipart\app\schedule\clean_tmpdir.js
2021-06-30 15:18:06,580 INFO 3608 [egg-schedule]: register schedule C:\Users\10525\Desktop\egg-demo\node_modules\egg-logrotator\app\schedule\clean_log.js
2021-06-30 15:18:06,580 INFO 3608 [egg-schedule]: register schedule C:\Users\10525\Desktop\egg-demo\node_modules\egg-logrotator\app\schedule\rotate_by_file.js
2021-06-30 15:18:17,205 INFO 10820 [egg-schedule]: register schedule C:\Users\10525\Desktop\egg-demo\node_modules\egg-multipart\app\schedule\clean_tmpdir.js
2021-06-30 15:18:17,205 INFO 10820 [egg-schedule]: register schedule C:\Users\10525\Desktop\egg-demo\node_modules\egg-logrotator\app\schedule\clean_log.js
2021-06-30 15:18:17,205 INFO 10820 [egg-schedule]: register schedule C:\Users\10525\Desktop\egg-demo\node_modules\egg-logrotator\app\schedule\rotate_by_file.js
2021-06-30 15:18:33,326 INFO 8812 [egg-schedule]: register schedule C:\Users\10525\Desktop\egg-demo\node_modules\egg-multipart\app\schedule\clean_tmpdir.js
2021-06-30 15:18:33,326 INFO 8812 [egg-schedule]: register schedule C:\Users\10525\Desktop\egg-demo\node_modules\egg-logrotator\app\schedule\clean_log.js
2021-06-30 15:18:33,326 INFO 8812 [egg-schedule]: register schedule C:\Users\10525\Desktop\egg-demo\node_modules\egg-logrotator\app\schedule\rotate_by_file.js
2021-06-30 15:18:43,580 INFO 3252 [egg-schedule]: register schedule C:\Users\10525\Desktop\egg-demo\node_modules\egg-multipart\app\schedule\clean_tmpdir.js
2021-06-30 15:18:43,580 INFO 3252 [egg-schedule]: register schedule C:\Users\10525\Desktop\egg-demo\node_modules\egg-logrotator\app\schedule\clean_log.js
2021-06-30 15:18:43,580 INFO 3252 [egg-schedule]: register schedule C:\Users\10525\Desktop\egg-demo\node_modules\egg-logrotator\app\schedule\rotate_by_file.js
2021-06-30 15:19:13,180 INFO 8644 [egg-schedule]: register schedule C:\Users\10525\Desktop\egg-demo\node_modules\egg-multipart\app\schedule\clean_tmpdir.js
2021-06-30 15:19:13,180 INFO 8644 [egg-schedule]: register schedule C:\Users\10525\Desktop\egg-demo\node_modules\egg-logrotator\app\schedule\clean_log.js
2021-06-30 15:19:13,180 INFO 8644 [egg-schedule]: register schedule C:\Users\10525\Desktop\egg-demo\node_modules\egg-logrotator\app\schedule\rotate_by_file.js
2021-06-30 15:20:06,284 INFO 13112 [egg-schedule]: register schedule C:\Users\10525\Desktop\egg-demo\node_modules\egg-multipart\app\schedule\clean_tmpdir.js
2021-06-30 15:20:06,284 INFO 13112 [egg-schedule]: register schedule C:\Users\10525\Desktop\egg-demo\node_modules\egg-logrotator\app\schedule\clean_log.js
2021-06-30 15:20:06,284 INFO 13112 [egg-schedule]: register schedule C:\Users\10525\Desktop\egg-demo\node_modules\egg-logrotator\app\schedule\rotate_by_file.js
2021-06-30 15:20:23,750 INFO 6176 [egg-schedule]: register schedule C:\Users\10525\Desktop\egg-demo\node_modules\egg-multipart\app\schedule\clean_tmpdir.js
2021-06-30 15:20:23,750 INFO 6176 [egg-schedule]: register schedule C:\Users\10525\Desktop\egg-demo\node_modules\egg-logrotator\app\schedule\clean_log.js
2021-06-30 15:20:23,750 INFO 6176 [egg-schedule]: register schedule C:\Users\10525\Desktop\egg-demo\node_modules\egg-logrotator\app\schedule\rotate_by_file.js
2021-06-30 15:24:16,454 INFO 6284 [egg-schedule]: register schedule C:\Users\10525\Desktop\egg-demo\node_modules\egg-multipart\app\schedule\clean_tmpdir.js
2021-06-30 15:24:16,454 INFO 6284 [egg-schedule]: register schedule C:\Users\10525\Desktop\egg-demo\node_modules\egg-logrotator\app\schedule\clean_log.js
2021-06-30 15:24:16,454 INFO 6284 [egg-schedule]: register schedule C:\Users\10525\Desktop\egg-demo\node_modules\egg-logrotator\app\schedule\rotate_by_file.js
2021-06-30 15:24:20,041 INFO 17560 [egg-schedule]: register schedule C:\Users\10525\Desktop\egg-demo\node_modules\egg-multipart\app\schedule\clean_tmpdir.js
2021-06-30 15:24:20,041 INFO 17560 [egg-schedule]: register schedule C:\Users\10525\Desktop\egg-demo\node_modules\egg-logrotator\app\schedule\clean_log.js
2021-06-30 15:24:20,041 INFO 17560 [egg-schedule]: register schedule C:\Users\10525\Desktop\egg-demo\node_modules\egg-logrotator\app\schedule\rotate_by_file.js
2021-06-30 15:25:17,875 INFO 5536 [egg-schedule]: register schedule C:\Users\10525\Desktop\egg-demo\node_modules\egg-multipart\app\schedule\clean_tmpdir.js
2021-06-30 15:25:17,875 INFO 5536 [egg-schedule]: register schedule C:\Users\10525\Desktop\egg-demo\node_modules\egg-logrotator\app\schedule\clean_log.js
2021-06-30 15:25:17,875 INFO 5536 [egg-schedule]: register schedule C:\Users\10525\Desktop\egg-demo\node_modules\egg-logrotator\app\schedule\rotate_by_file.js
2021-06-30 15:25:21,050 INFO 14760 [egg-schedule]: register schedule C:\Users\10525\Desktop\egg-demo\node_modules\egg-multipart\app\schedule\clean_tmpdir.js
2021-06-30 15:25:21,050 INFO 14760 [egg-schedule]: register schedule C:\Users\10525\Desktop\egg-demo\node_modules\egg-logrotator\app\schedule\clean_log.js
2021-06-30 15:25:21,050 INFO 14760 [egg-schedule]: register schedule C:\Users\10525\Desktop\egg-demo\node_modules\egg-logrotator\app\schedule\rotate_by_file.js
2021-06-30 15:25:29,678 INFO 3656 [egg-schedule]: register schedule C:\Users\10525\Desktop\egg-demo\node_modules\egg-multipart\app\schedule\clean_tmpdir.js
2021-06-30 15:25:29,678 INFO 3656 [egg-schedule]: register schedule C:\Users\10525\Desktop\egg-demo\node_modules\egg-logrotator\app\schedule\clean_log.js
2021-06-30 15:25:29,678 INFO 3656 [egg-schedule]: register schedule C:\Users\10525\Desktop\egg-demo\node_modules\egg-logrotator\app\schedule\rotate_by_file.js
2021-06-30 15:26:00,410 INFO 17252 [egg-schedule]: register schedule C:\Users\10525\Desktop\egg-demo\node_modules\egg-multipart\app\schedule\clean_tmpdir.js
2021-06-30 15:26:00,410 INFO 17252 [egg-schedule]: register schedule C:\Users\10525\Desktop\egg-demo\node_modules\egg-logrotator\app\schedule\clean_log.js
2021-06-30 15:26:00,410 INFO 17252 [egg-schedule]: register schedule C:\Users\10525\Desktop\egg-demo\node_modules\egg-logrotator\app\schedule\rotate_by_file.js
2021-06-30 15:28:45,783 INFO 7976 [egg-schedule]: register schedule C:\Users\10525\Desktop\egg-demo\node_modules\egg-multipart\app\schedule\clean_tmpdir.js
2021-06-30 15:28:45,783 INFO 7976 [egg-schedule]: register schedule C:\Users\10525\Desktop\egg-demo\node_modules\egg-logrotator\app\schedule\clean_log.js
2021-06-30 15:28:45,783 INFO 7976 [egg-schedule]: register schedule C:\Users\10525\Desktop\egg-demo\node_modules\egg-logrotator\app\schedule\rotate_by_file.js
2021-06-30 15:30:14,925 INFO 15944 [egg-schedule]: register schedule C:\Users\10525\Desktop\egg-demo\node_modules\egg-multipart\app\schedule\clean_tmpdir.js
2021-06-30 15:30:14,925 INFO 15944 [egg-schedule]: register schedule C:\Users\10525\Desktop\egg-demo\node_modules\egg-logrotator\app\schedule\clean_log.js
2021-06-30 15:30:14,925 INFO 15944 [egg-schedule]: register schedule C:\Users\10525\Desktop\egg-demo\node_modules\egg-logrotator\app\schedule\rotate_by_file.js
2021-06-30 15:38:09,778 INFO 11756 [egg-schedule]: register schedule C:\Users\10525\Desktop\egg-demo\node_modules\egg-multipart\app\schedule\clean_tmpdir.js
2021-06-30 15:38:09,778 INFO 11756 [egg-schedule]: register schedule C:\Users\10525\Desktop\egg-demo\node_modules\egg-logrotator\app\schedule\clean_log.js
2021-06-30 15:38:09,778 INFO 11756 [egg-schedule]: register schedule C:\Users\10525\Desktop\egg-demo\node_modules\egg-logrotator\app\schedule\rotate_by_file.js
2021-06-30 15:39:29,927 INFO 4312 [egg-schedule]: register schedule C:\Users\10525\Desktop\egg-demo\node_modules\egg-multipart\app\schedule\clean_tmpdir.js
2021-06-30 15:39:29,927 INFO 4312 [egg-schedule]: register schedule C:\Users\10525\Desktop\egg-demo\node_modules\egg-logrotator\app\schedule\clean_log.js
2021-06-30 15:39:29,927 INFO 4312 [egg-schedule]: register schedule C:\Users\10525\Desktop\egg-demo\node_modules\egg-logrotator\app\schedule\rotate_by_file.js
2021-06-30 15:40:26,409 INFO 15916 [egg-schedule]: register schedule C:\Users\10525\Desktop\egg-demo\node_modules\egg-multipart\app\schedule\clean_tmpdir.js
2021-06-30 15:40:26,409 INFO 15916 [egg-schedule]: register schedule C:\Users\10525\Desktop\egg-demo\node_modules\egg-logrotator\app\schedule\clean_log.js
2021-06-30 15:40:26,409 INFO 15916 [egg-schedule]: register schedule C:\Users\10525\Desktop\egg-demo\node_modules\egg-logrotator\app\schedule\rotate_by_file.js
